09:18:36 **** Incremental Build of configuration Debug for project psim2 ****
make all 
      0 [main] us 0 init_cheap: VirtualAlloc pointer is null, Win32 error 487
AllocationBase 0x0, BaseAddress 0x60EA0000, RegionSize 0xA0000, State 0x10000
C:\Eclipse MARS_C\eclipse\plugins\fr.ac6.mcu.externaltools.arm-none.win32_1.13.2.201703061525\tools\make\echo.exe: *** Couldn't reserve space for cygwin's heap, Win32 error 0
make: *** [Drivers/STM32F4xx_HAL_Driver/stm32f4xx_hal.o] Error 1
09:19:23 **** Clean-only build of configuration Debug for project psim2 ****
make clean 
rm -rf *
      0 [main] us 0 init_cheap: VirtualAlloc pointer is null, Win32 error 487
AllocationBase 0x0, BaseAddress 0x60EA0000, RegionSize 0xA0000, State 0x10000
C:\Eclipse MARS_C\eclipse\plugins\fr.ac6.mcu.externaltools.arm-none.win32_1.13.2.201703061525\tools\make\sh.exe: *** Couldn't reserve space for cygwin's heap, Win32 error 0
make: [clean] Error 1 (ignored)
      0 [main] us 0 init_cheap: VirtualAlloc pointer is null, Win32 error 487
AllocationBase 0x0, BaseAddress 0x60EA0000, RegionSize 0xA0000, State 0x10000
C:\Eclipse MARS_C\eclipse\plugins\fr.ac6.mcu.externaltools.arm-none.win32_1.13.2.201703061525\tools\make\echo.exe: *** Couldn't reserve space for cygwin's heap, Win32 error 0
make: [clean] Error 1 (ignored)
09:19:27 **** Build of configuration Debug for project psim2 ****
make all 
      0 [main] us 0 init_cheap: VirtualAlloc pointer is null, Win32 error 487
AllocationBase 0x0, BaseAddress 0x60EA0000, RegionSize 0xA0000, State 0x10000
C:\Eclipse MARS_C\eclipse\plugins\fr.ac6.mcu.externaltools.arm-none.win32_1.13.2.201703061525\tools\make\echo.exe: *** Couldn't reserve space for cygwin's heap, Win32 error 0
make: *** [Drivers/STM32F4xx_HAL_Driver/stm32f4xx_hal.o] Error 1
